<?xml version="1.0" encoding="UTF-8"?>
<!-- Generated by org.testng.reporters.JUnitReportReporter -->
<testsuite hostname="DESKTOP-VAHJBOT" failures="0" tests="1" name="Screenshort" time="13.230" errors="0" timestamp="2024-04-02T23:51:14 IST" skipped="0">
  <testcase classname="Screenshort" name="screenshot" time="13.230"/>
</testsuite> <!-- Screenshort -->
